# JRE version: Java(TM) SE Runtime Environment 18.9 (11.0.26+7) (build 11.0.26+7-LTS-187)
# Java VM: Java HotSpot(TM) 64-Bit Server VM 18.9 (11.0.26+7-LTS-187, mixed mode, tiered, compressed oops, g1 gc, windows-amd64)
Heap:
 garbage-first heap   total 152576K, used 17676K [0x0000000084400000, 0x0000000100000000)
  region size 1024K, 7 young (7168K), 7 survivors (7168K)
 Metaspace       used 33356K, capacity 34218K, committed 34480K, reserved 1079296K
  class space    used 4184K, capacity 4500K, committed 4608K, reserved 1048576K
GC Heap History (10 events):
Event: 0.877 GC heap after
{Heap after GC invocations=1 (full 0):
 garbage-first heap   total 126976K, used 9272K [0x0000000084400000, 0x0000000100000000)
  region size 1024K, 3 young (3072K), 3 survivors (3072K)
 Metaspace       used 13856K, capacity 14224K, committed 14464K, reserved 1062912K
  class space    used 1458K, capacity 1589K, committed 1664K, reserved 1048576K
}
Event: 1.168 GC heap before
{Heap before GC invocations=1 (full 0):
 garbage-first heap   total 126976K, used 39992K [0x0000000084400000, 0x0000000100000000)
  region size 1024K, 34 young (34816K), 3 survivors (3072K)
 Metaspace       used 19893K, capacity 20413K, committed 20480K, reserved 1067008K
  class space    used 2339K, capacity 2553K, committed 2560K, reserved 1048576K
}
Event: 1.173 GC heap after
{Heap after GC invocations=2 (full 0):
 garbage-first heap   total 126976K, used 11358K [0x0000000084400000, 0x0000000100000000)
  region size 1024K, 2 young (2048K), 2 survivors (2048K)
 Metaspace       used 19893K, capacity 20413K, committed 20480K, reserved 1067008K
  class space    used 2339K, capacity 2553K, committed 2560K, reserved 1048576K
}
Event: 1.207 GC heap before
{Heap before GC invocations=2 (full 0):
 garbage-first heap   total 126976K, used 16478K [0x0000000084400000, 0x0000000100000000)
  region size 1024K, 8 young (8192K), 2 survivors (2048K)
 Metaspace       used 20568K, capacity 21179K, committed 21296K, reserved 1069056K
  class space    used 2452K, capacity 2660K, committed 2688K, reserved 1048576K
}
Event: 1.210 GC heap after
{Heap after GC invocations=3 (full 0):
 garbage-first heap   total 126976K, used 11532K [0x0000000084400000, 0x0000000100000000)
  region size 1024K, 2 young (2048K), 2 survivors (2048K)
 Metaspace       used 20568K, capacity 21179K, committed 21296K, reserved 1069056K
  class space    used 2452K, capacity 2660K, committed 2688K, reserved 1048576K
}
Event: 1.479 GC heap before
{Heap before GC invocations=4 (full 0):
 garbage-first heap   total 126976K, used 53516K [0x0000000084400000, 0x0000000100000000)
  region size 1024K, 44 young (45056K), 2 survivors (2048K)
 Metaspace       used 25135K, capacity 25834K, committed 26160K, reserved 1073152K
  class space    used 3131K, capacity 3382K, committed 3456K, reserved 1048576K
}
Event: 1.482 GC heap after
{Heap after GC invocations=5 (full 0):
 garbage-first heap   total 126976K, used 12596K [0x0000000084400000, 0x0000000100000000)
  region size 1024K, 3 young (3072K), 3 survivors (3072K)
 Metaspace       used 25135K, capacity 25834K, committed 26160K, reserved 1073152K
  class space    used 3131K, capacity 3382K, committed 3456K, reserved 1048576K
}
Event: 2.101 GC heap before
{Heap before GC invocations=5 (full 0):
 garbage-first heap   total 126976K, used 64820K [0x0000000084400000, 0x0000000100000000)
  region size 1024K, 54 young (55296K), 3 survivors (3072K)
 Metaspace       used 29216K, capacity 29960K, committed 30000K, reserved 1075200K
  class space    used 3652K, capacity 3932K, committed 3968K, reserved 1048576K
}
Event: 2.106 GC heap after
{Heap after GC invocations=6 (full 0):
 garbage-first heap   total 126976K, used 15207K [0x0000000084400000, 0x0000000100000000)
  region size 1024K, 6 young (6144K), 6 survivors (6144K)
 Metaspace       used 29216K, capacity 29960K, committed 30000K, reserved 1075200K
  class space    used 3652K, capacity 3932K, committed 3968K, reserved 1048576K
}
Event: 2.648 GC heap before
{Heap before GC invocations=6 (full 0):
 garbage-first heap   total 126976K, used 73575K [0x0000000084400000, 0x0000000100000000)
  region size 1024K, 63 young (64512K), 6 survivors (6144K)
 Metaspace       used 33356K, capacity 34218K, committed 34480K, reserved 1079296K
  class space    used 4184K, capacity 4500K, committed 4608K, reserved 1048576K
}

