# JRE version: Java(TM) SE Runtime Environment 18.9 (11.0.26+7) (build 11.0.26+7-LTS-187)
# Java VM: Java HotSpot(TM) 64-Bit Server VM 18.9 (11.0.26+7-LTS-187, mixed mode, tiered, compressed oops, g1 gc, windows-amd64)
Heap:
 garbage-first heap   total 1142784K, used 301954K [0x0000000084400000, 0x0000000100000000)
  region size 1024K, 14 young (14336K), 14 survivors (14336K)
 Metaspace       used 82065K, capacity 84542K, committed 84872K, reserved 1122304K
  class space    used 10888K, capacity 11809K, committed 11904K, reserved 1048576K
GC Heap History (10 events):
Event: 12347.321 GC heap after
{Heap after GC invocations=79 (full 0):
 garbage-first heap   total 177152K, used 168706K [0x0000000084400000, 0x0000000100000000)
  region size 1024K, 1 young (1024K), 1 survivors (1024K)
 Metaspace       used 82035K, capacity 84506K, committed 84616K, reserved 1122304K
  class space    used 10883K, capacity 11801K, committed 11904K, reserved 1048576K
}
Event: 12347.325 GC heap before
{Heap before GC invocations=79 (full 0):
 garbage-first heap   total 177152K, used 174850K [0x0000000084400000, 0x0000000100000000)
  region size 1024K, 8 young (8192K), 1 survivors (1024K)
 Metaspace       used 82037K, capacity 84506K, committed 84616K, reserved 1122304K
  class space    used 10884K, capacity 11801K, committed 11904K, reserved 1048576K
}
Event: 12347.338 GC heap after
{Heap after GC invocations=80 (full 0):
 garbage-first heap   total 552960K, used 175872K [0x0000000084400000, 0x0000000100000000)
  region size 1024K, 1 young (1024K), 1 survivors (1024K)
 Metaspace       used 82037K, capacity 84506K, committed 84616K, reserved 1122304K
  class space    used 10884K, capacity 11801K, committed 11904K, reserved 1048576K
}
Event: 12347.547 GC heap before
{Heap before GC invocations=80 (full 0):
 garbage-first heap   total 552960K, used 331520K [0x0000000084400000, 0x0000000100000000)
  region size 1024K, 154 young (157696K), 1 survivors (1024K)
 Metaspace       used 82060K, capacity 84536K, committed 84872K, reserved 1122304K
  class space    used 10887K, capacity 11807K, committed 11904K, reserved 1048576K
}
Event: 12347.574 GC heap after
{Heap after GC invocations=81 (full 0):
 garbage-first heap   total 552960K, used 279052K [0x0000000084400000, 0x0000000100000000)
  region size 1024K, 20 young (20480K), 20 survivors (20480K)
 Metaspace       used 82060K, capacity 84536K, committed 84872K, reserved 1122304K
  class space    used 10887K, capacity 11807K, committed 11904K, reserved 1048576K
}
Event: 12347.626 GC heap before
{Heap before GC invocations=81 (full 0):
 garbage-first heap   total 552960K, used 372236K [0x0000000084400000, 0x0000000100000000)
  region size 1024K, 112 young (114688K), 20 survivors (20480K)
 Metaspace       used 82061K, capacity 84536K, committed 84872K, reserved 1122304K
  class space    used 10887K, capacity 11807K, committed 11904K, reserved 1048576K
}
Event: 12347.634 GC heap after
{Heap after GC invocations=82 (full 0):
 garbage-first heap   total 552960K, used 294806K [0x0000000084400000, 0x0000000100000000)
  region size 1024K, 14 young (14336K), 14 survivors (14336K)
 Metaspace       used 82061K, capacity 84536K, committed 84872K, reserved 1122304K
  class space    used 10887K, capacity 11807K, committed 11904K, reserved 1048576K
}
Event: 12347.700 GC heap before
{Heap before GC invocations=82 (full 0):
 garbage-first heap   total 552960K, used 389014K [0x0000000084400000, 0x0000000100000000)
  region size 1024K, 107 young (109568K), 14 survivors (14336K)
 Metaspace       used 82065K, capacity 84542K, committed 84872K, reserved 1122304K
  class space    used 10888K, capacity 11809K, committed 11904K, reserved 1048576K
}
Event: 12347.708 GC heap after
{Heap after GC invocations=83 (full 0):
 garbage-first heap   total 552960K, used 298628K [0x0000000084400000, 0x0000000100000000)
  region size 1024K, 14 young (14336K), 14 survivors (14336K)
 Metaspace       used 82065K, capacity 84542K, committed 84872K, reserved 1122304K
  class space    used 10888K, capacity 11809K, committed 11904K, reserved 1048576K
}
Event: 12347.775 GC heap before
{Heap before GC invocations=83 (full 0):
 garbage-first heap   total 552960K, used 397956K [0x0000000084400000, 0x0000000100000000)
  region size 1024K, 112 young (114688K), 14 survivors (14336K)
 Metaspace       used 82065K, capacity 84542K, committed 84872K, reserved 1122304K
  class space    used 10888K, capacity 11809K, committed 11904K, reserved 1048576K
}

