# JRE version: Java(TM) SE Runtime Environment 18.9 (11.0.26+7) (build 11.0.26+7-LTS-187)
# Java VM: Java HotSpot(TM) 64-Bit Server VM 18.9 (11.0.26+7-LTS-187, mixed mode, tiered, compressed oops, g1 gc, windows-amd64)
Heap:
 garbage-first heap   total 152576K, used 28155K [0x0000000084400000, 0x0000000100000000)
  region size 1024K, 7 young (7168K), 7 survivors (7168K)
 Metaspace       used 59067K, capacity 60396K, committed 60496K, reserved 1105920K
  class space    used 7771K, capacity 8304K, committed 8352K, reserved 1048576K
GC Heap History (10 events):
Event: 2.761 GC heap before
{Heap before GC invocations=5 (full 0):
 garbage-first heap   total 126976K, used 74927K [0x0000000084400000, 0x0000000100000000)
  region size 1024K, 64 young (65536K), 4 survivors (4096K)
 Metaspace       used 30541K, capacity 31319K, committed 31484K, reserved 1077248K
  class space    used 3825K, capacity 4129K, committed 4172K, reserved 1048576K
}
Event: 2.768 GC heap after
{Heap after GC invocations=6 (full 0):
 garbage-first heap   total 126976K, used 15608K [0x0000000084400000, 0x0000000100000000)
  region size 1024K, 6 young (6144K), 6 survivors (6144K)
 Metaspace       used 30541K, capacity 31319K, committed 31484K, reserved 1077248K
  class space    used 3825K, capacity 4129K, committed 4172K, reserved 1048576K
}
Event: 3.483 GC heap before
{Heap before GC invocations=6 (full 0):
 garbage-first heap   total 126976K, used 67832K [0x0000000084400000, 0x0000000100000000)
  region size 1024K, 58 young (59392K), 6 survivors (6144K)
 Metaspace       used 35077K, capacity 35948K, committed 36048K, reserved 1081344K
  class space    used 4463K, capacity 4810K, committed 4896K, reserved 1048576K
}
Event: 3.496 GC heap after
{Heap after GC invocations=7 (full 0):
 garbage-first heap   total 152576K, used 18033K [0x0000000084400000, 0x0000000100000000)
  region size 1024K, 7 young (7168K), 7 survivors (7168K)
 Metaspace       used 35077K, capacity 35948K, committed 36048K, reserved 1081344K
  class space    used 4463K, capacity 4810K, committed 4896K, reserved 1048576K
}
Event: 4.370 GC heap before
{Heap before GC invocations=8 (full 0):
 garbage-first heap   total 152576K, used 96881K [0x0000000084400000, 0x0000000100000000)
  region size 1024K, 79 young (80896K), 7 survivors (7168K)
 Metaspace       used 41395K, capacity 42520K, committed 42832K, reserved 1087488K
  class space    used 5275K, capacity 5726K, committed 5792K, reserved 1048576K
}
Event: 4.379 GC heap after
{Heap after GC invocations=9 (full 0):
 garbage-first heap   total 152576K, used 21721K [0x0000000084400000, 0x0000000100000000)
  region size 1024K, 9 young (9216K), 9 survivors (9216K)
 Metaspace       used 41395K, capacity 42520K, committed 42832K, reserved 1087488K
  class space    used 5275K, capacity 5726K, committed 5792K, reserved 1048576K
}
Event: 13.380 GC heap before
{Heap before GC invocations=9 (full 0):
 garbage-first heap   total 152576K, used 101593K [0x0000000084400000, 0x0000000100000000)
  region size 1024K, 87 young (89088K), 9 survivors (9216K)
 Metaspace       used 53864K, capacity 55129K, committed 55376K, reserved 1097728K
  class space    used 7079K, capacity 7579K, committed 7584K, reserved 1048576K
}
Event: 13.387 GC heap after
{Heap after GC invocations=10 (full 0):
 garbage-first heap   total 152576K, used 25179K [0x0000000084400000, 0x0000000100000000)
  region size 1024K, 8 young (8192K), 8 survivors (8192K)
 Metaspace       used 53864K, capacity 55129K, committed 55376K, reserved 1097728K
  class space    used 7079K, capacity 7579K, committed 7584K, reserved 1048576K
}
Event: 24.898 GC heap before
{Heap before GC invocations=10 (full 0):
 garbage-first heap   total 152576K, used 72283K [0x0000000084400000, 0x0000000100000000)
  region size 1024K, 55 young (56320K), 8 survivors (8192K)
 Metaspace       used 59067K, capacity 60396K, committed 60496K, reserved 1103872K
  class space    used 7771K, capacity 8304K, committed 8352K, reserved 1048576K
}
Event: 24.906 GC heap after
{Heap after GC invocations=11 (full 0):
 garbage-first heap   total 152576K, used 28155K [0x0000000084400000, 0x0000000100000000)
  region size 1024K, 7 young (7168K), 7 survivors (7168K)
 Metaspace       used 59067K, capacity 60396K, committed 60496K, reserved 1103872K
  class space    used 7771K, capacity 8304K, committed 8352K, reserved 1048576K
}

